0 info it worked if it ends with ok
1 verbose cli [ '/usr/bin/nodejs', '/usr/bin/npm', 'install' ]
2 info using npm@3.5.2
3 info using node@v4.2.6
4 silly loadCurrentTree Starting
5 silly install loadCurrentTree
6 silly install readLocalPackageData
7 silly install normalizeTree
8 silly loadCurrentTree Finishing
9 silly loadIdealTree Starting
10 silly install loadIdealTree
11 silly cloneCurrentTree Starting
12 silly install cloneCurrentTreeToIdealTree
13 silly cloneCurrentTree Finishing
14 silly loadShrinkwrap Starting
15 silly install loadShrinkwrap
16 silly loadShrinkwrap Finishing
17 silly loadAllDepsIntoIdealTree Starting
18 silly install loadAllDepsIntoIdealTree
19 silly fetchNamedPackageData cors
20 silly mapToRegistry name cors
21 silly mapToRegistry using default registry
22 silly mapToRegistry registry https://registry.npmjs.org/
23 silly mapToRegistry uri https://registry.npmjs.org/cors
24 silly fetchNamedPackageData express
25 silly mapToRegistry name express
26 silly mapToRegistry using default registry
27 silly mapToRegistry registry https://registry.npmjs.org/
28 silly mapToRegistry uri https://registry.npmjs.org/express
29 silly fetchNamedPackageData firebase-admin
30 silly mapToRegistry name firebase-admin
31 silly mapToRegistry using default registry
32 silly mapToRegistry registry https://registry.npmjs.org/
33 silly mapToRegistry uri https://registry.npmjs.org/firebase-admin
34 silly fetchNamedPackageData pm2
35 silly mapToRegistry name pm2
36 silly mapToRegistry using default registry
37 silly mapToRegistry registry https://registry.npmjs.org/
38 silly mapToRegistry uri https://registry.npmjs.org/pm2
39 silly fetchNamedPackageData socket.io
40 silly mapToRegistry name socket.io
41 silly mapToRegistry using default registry
42 silly mapToRegistry registry https://registry.npmjs.org/
43 silly mapToRegistry uri https://registry.npmjs.org/socket.io
44 silly fetchNamedPackageData socket.io-client
45 silly mapToRegistry name socket.io-client
46 silly mapToRegistry using default registry
47 silly mapToRegistry registry https://registry.npmjs.org/
48 silly mapToRegistry uri https://registry.npmjs.org/socket.io-client
49 verbose request uri https://registry.npmjs.org/cors
50 verbose request no auth needed
51 info attempt registry request try #1 at 5:48:53 PM
52 verbose request id 54ea1d1d98d6ead0
53 http request GET https://registry.npmjs.org/cors
54 verbose request uri https://registry.npmjs.org/express
55 verbose request no auth needed
56 info attempt registry request try #1 at 5:48:53 PM
57 http request GET https://registry.npmjs.org/express
58 verbose request uri https://registry.npmjs.org/firebase-admin
59 verbose request no auth needed
60 info attempt registry request try #1 at 5:48:53 PM
61 http request GET https://registry.npmjs.org/firebase-admin
62 verbose request uri https://registry.npmjs.org/pm2
63 verbose request no auth needed
64 info attempt registry request try #1 at 5:48:53 PM
65 http request GET https://registry.npmjs.org/pm2
66 verbose request uri https://registry.npmjs.org/socket.io
67 verbose request no auth needed
68 info attempt registry request try #1 at 5:48:53 PM
69 http request GET https://registry.npmjs.org/socket.io
70 verbose request uri https://registry.npmjs.org/socket.io-client
71 verbose request no auth needed
72 info attempt registry request try #1 at 5:48:53 PM
73 http request GET https://registry.npmjs.org/socket.io-client
74 http 200 https://registry.npmjs.org/express
75 verbose headers { date: 'Sat, 17 Dec 2022 08:48:53 GMT',
75 verbose headers   'content-type': 'application/json',
75 verbose headers   'transfer-encoding': 'chunked',
75 verbose headers   connection: 'keep-alive',
75 verbose headers   'cf-ray': '77ae66fc9a44ed95-ICN',
75 verbose headers   'access-control-allow-origin': '*',
75 verbose headers   age: '152',
75 verbose headers   'cache-control': 'public, max-age=300',
75 verbose headers   etag: 'W/"e3a09f2a4bf803dd9f449b7ffa84c34f"',
75 verbose headers   'last-modified': 'Wed, 07 Dec 2022 14:41:53 GMT',
75 verbose headers   vary: 'accept-encoding, accept',
75 verbose headers   'cf-cache-status': 'HIT',
75 verbose headers   'x-amz-replication-status': 'COMPLETED',
75 verbose headers   server: 'cloudflare',
75 verbose headers   'content-encoding': 'gzip' }
76 silly get cb [ 200,
76 silly get   { date: 'Sat, 17 Dec 2022 08:48:53 GMT',
76 silly get     'content-type': 'application/json',
76 silly get     'transfer-encoding': 'chunked',
76 silly get     connection: 'keep-alive',
76 silly get     'cf-ray': '77ae66fc9a44ed95-ICN',
76 silly get     'access-control-allow-origin': '*',
76 silly get     age: '152',
76 silly get     'cache-control': 'public, max-age=300',
76 silly get     etag: 'W/"e3a09f2a4bf803dd9f449b7ffa84c34f"',
76 silly get     'last-modified': 'Wed, 07 Dec 2022 14:41:53 GMT',
76 silly get     vary: 'accept-encoding, accept',
76 silly get     'cf-cache-status': 'HIT',
76 silly get     'x-amz-replication-status': 'COMPLETED',
76 silly get     server: 'cloudflare',
76 silly get     'content-encoding': 'gzip' } ]
77 verbose get saving express to /root/.npm/registry.npmjs.org/express/.cache.json
78 verbose makeDirectory /root/.npm creation not in flight; initializing
79 silly makeDirectory /root/.npm uid: 0 gid: 0
80 silly resolveWithNewModule express@4.18.2 checking installable status
81 silly cache add args [ 'express@^4.18.1', null ]
82 verbose cache add spec express@^4.18.1
83 silly cache add parsed spec Result {
83 silly cache add   raw: 'express@^4.18.1',
83 silly cache add   scope: null,
83 silly cache add   name: 'express',
83 silly cache add   rawSpec: '^4.18.1',
83 silly cache add   spec: '>=4.18.1 <5.0.0',
83 silly cache add   type: 'range' }
84 silly addNamed express@>=4.18.1 <5.0.0
85 verbose addNamed ">=4.18.1 <5.0.0" is a valid semver range for express
86 silly addNameRange { name: 'express', range: '>=4.18.1 <5.0.0', hasData: false }
87 silly mapToRegistry name express
88 silly mapToRegistry using default registry
89 silly mapToRegistry registry https://registry.npmjs.org/
90 silly mapToRegistry uri https://registry.npmjs.org/express
91 verbose addNameRange registry:https://registry.npmjs.org/express not in flight; fetching
92 verbose get https://registry.npmjs.org/express not expired, no request
93 silly addNameRange number 2 { name: 'express', range: '>=4.18.1 <5.0.0', hasData: true }
94 silly addNameRange versions [ 'express',
94 silly addNameRange   [ '0.14.0',
94 silly addNameRange     '0.14.1',
94 silly addNameRange     '1.0.0',
94 silly addNameRange     '1.0.1',
94 silly addNameRange     '1.0.2',
94 silly addNameRange     '1.0.3',
94 silly addNameRange     '1.0.4',
94 silly addNameRange     '1.0.5',
94 silly addNameRange     '1.0.6',
94 silly addNameRange     '1.0.7',
94 silly addNameRange     '1.0.8',
94 silly addNameRange     '2.0.0',
94 silly addNameRange     '2.1.0',
94 silly addNameRange     '2.1.1',
94 silly addNameRange     '2.2.0',
94 silly addNameRange     '2.2.1',
94 silly addNameRange     '2.2.2',
94 silly addNameRange     '2.3.0',
94 silly addNameRange     '2.3.1',
94 silly addNameRange     '2.3.2',
94 silly addNameRange     '2.3.3',
94 silly addNameRange     '2.3.4',
94 silly addNameRange     '2.3.5',
94 silly addNameRange     '2.3.6',
94 silly addNameRange     '2.3.7',
94 silly addNameRange     '2.3.8',
94 silly addNameRange     '2.3.9',
94 silly addNameRange     '2.3.10',
94 silly addNameRange     '2.3.11',
94 silly addNameRange     '2.3.12',
94 silly addNameRange     '2.4.0',
94 silly addNameRange     '2.4.1',
94 silly addNameRange     '2.4.2',
94 silly addNameRange     '2.4.3',
94 silly addNameRange     '2.4.4',
94 silly addNameRange     '2.4.5',
94 silly addNameRange     '2.4.6',
94 silly addNameRange     '2.4.7',
94 silly addNameRange     '2.5.0',
94 silly addNameRange     '2.5.1',
94 silly addNameRange     '2.5.2',
94 silly addNameRange     '2.5.3',
94 silly addNameRange     '2.5.4',
94 silly addNameRange     '2.5.5',
94 silly addNameRange     '2.5.6',
94 silly addNameRange     '2.5.7',
94 silly addNameRange     '2.5.8',
94 silly addNameRange     '2.5.9',
94 silly addNameRange     '2.5.10',
94 silly addNameRange     '2.5.11',
94 silly addNameRange     '3.0.0',
94 silly addNameRange     '3.0.1',
94 silly addNameRange     '3.0.2',
94 silly addNameRange     '3.0.3',
94 silly addNameRange     '3.0.4',
94 silly addNameRange     '3.0.5',
94 silly addNameRange     '3.0.6',
94 silly addNameRange     '3.1.0',
94 silly addNameRange     '3.1.1',
94 silly addNameRange     '3.1.2',
94 silly addNameRange     '3.2.0',
94 silly addNameRange     '3.2.1',
94 silly addNameRange     '3.2.2',
94 silly addNameRange     '3.2.3',
94 silly addNameRange     '3.2.4',
94 silly addNameRange     '3.2.5',
94 silly addNameRange     '3.2.6',
94 silly addNameRange     '3.3.0',
94 silly addNameRange     '3.3.1',
94 silly addNameRange     '3.3.2',
94 silly addNameRange     '3.3.3',
94 silly addNameRange     '3.3.4',
94 silly addNameRange     '3.3.5',
94 silly addNameRange     '3.3.6',
94 silly addNameRange     '1.0.0-beta',
94 silly addNameRange     '1.0.0-beta2',
94 silly addNameRange     '1.0.0-rc',
94 silly addNameRange     '1.0.0-rc2',
94 silly addNameRange     '1.0.0-rc3',
94 silly addNameRange     '1.0.0-rc4',
94 silly addNameRange     '2.0.0-beta',
94 silly addNameRange     '2.0.0-beta2',
94 silly addNameRange     '2.0.0-beta3',
94 silly addNameRange     '2.0.0-rc',
94 silly addNameRange     '2.0.0-rc2',
94 silly addNameRange     '2.0.0-rc3',
94 silly addNameRange     '3.0.0-alpha1',
94 silly addNameRange     '3.0.0-alpha2',
94 silly addNameRange     '3.0.0-alpha3',
94 silly addNameRange     '3.0.0-alpha4',
94 silly addNameRange     '3.0.0-alpha5',
94 silly addNameRange     '3.0.0-beta1',
94 silly addNameRange     '3.0.0-beta2',
94 silly addNameRange     '3.0.0-beta3',
94 silly addNameRange     '3.0.0-beta4',
94 silly addNameRange     '3.0.0-beta6',
94 silly addNameRange     '3.0.0-beta7',
94 silly addNameRange     '3.0.0-rc1',
94 silly addNameRange     '3.0.0-rc2',
94 silly addNameRange     '3.0.0-rc3',
94 silly addNameRange     '3.0.0-rc4',
94 silly addNameRange     '3.0.0-rc5',
94 silly addNameRange     '3.3.7',
94 silly addNameRange     '3.3.8',
94 silly addNameRange     '3.4.0',
94 silly addNameRange     '3.4.1',
94 silly addNameRange     '3.4.2',
94 silly addNameRange     '3.4.3',
94 silly addNameRange     '3.4.4',
94 silly addNameRange     '3.4.5',
94 silly addNameRange     '3.4.6',
94 silly addNameRange     '3.4.7',
94 silly addNameRange     '3.4.8',
94 silly addNameRange     '4.0.0-rc1',
94 silly addNameRange     '4.0.0-rc2',
94 silly addNameRange     '3.5.0',
94 silly addNameRange     '4.0.0-rc3',
94 silly addNameRange     '4.0.0-rc4',
94 silly addNameRange     '3.5.1',
94 silly addNameRange     '4.0.0',
94 silly addNameRange     '3.5.2',
94 silly addNameRange     '4.1.0',
94 silly addNameRange     '4.1.1',
94 silly addNameRange     '3.5.3',
94 silly addNameRange     '4.1.2',
94 silly addNameRange     '3.6.0',
94 silly addNameRange     '4.2.0',
94 silly addNameRange     '3.7.0',
94 silly addNameRange     '3.8.0',
94 silly addNameRange     '4.3.0',
94 silly addNameRange     '4.3.1',
94 silly addNameRange     '3.8.1',
94 silly addNameRange     '4.3.2',
94 silly addNameRange     '3.9.0',
94 silly addNameRange     '4.4.0',
94 silly addNameRange     '4.4.1',
94 silly addNameRange     '3.10.0',
94 silly addNameRange     '3.10.1',
94 silly addNameRange     '3.10.2',
94 silly addNameRange     '3.10.3',
94 silly addNameRange     '3.10.4',
94 silly addNameRange     '4.4.2',
94 silly addNameRange     '3.10.5',
94 silly addNameRange     '4.4.3',
94 silly addNameRange     '3.11.0',
94 silly addNameRange     '4.4.4',
94 silly addNameRange     '3.12.0',
94 silly addNameRange     '3.12.1',
94 silly addNameRange     '4.4.5',
94 silly addNameRange     '3.13.0',
94 silly addNameRange     '4.5.0',
94 silly addNameRange     '4.5.1',
94 silly addNameRange     '3.14.0',
94 silly addNameRange     '4.6.0',
94 silly addNameRange     '4.6.1',
94 silly addNameRange     '3.15.0',
94 silly addNameRange     '4.7.0',
94 silly addNameRange     '3.15.1',
94 silly addNameRange     '4.7.1',
94 silly addNameRange     '3.15.2',
94 silly addNameRange     '4.7.2',
94 silly addNameRange     '4.7.3',
94 silly addNameRange     '3.15.3',
94 silly addNameRange     '4.7.4',
94 silly addNameRange     '3.16.0',
94 silly addNameRange     '4.8.0',
94 silly addNameRange     '3.16.1',
94 silly addNameRange     '4.8.1',
94 silly addNameRange     '3.16.2',
94 silly addNameRange     '4.8.2',
94 silly addNameRange     '3.16.3',
94 silly addNameRange     '3.16.4',
94 silly addNameRange     '4.8.3',
94 silly addNameRange     '3.16.5',
94 silly addNameRange     '3.16.6',
94 silly addNameRange     '4.8.4',
94 silly addNameRange     '3.16.7',
94 silly addNameRange     '4.8.5',
94 silly addNameRange     '3.16.8',
94 silly addNameRange     '4.8.6',
94 silly addNameRange     '3.16.9',
94 silly addNameRange     '4.8.7',
94 silly addNameRange     '3.16.10',
94 silly addNameRange     '4.8.8',
94 silly addNameRange     '3.17.0',
94 silly addNameRange     '3.17.1',
94 silly addNameRange     '4.9.0',
94 silly addNameRange     '3.17.2',
94 silly addNameRange     '4.9.1',
94 silly addNameRange     '4.9.2',
94 silly addNameRange     '3.17.3',
94 silly addNameRange     '4.9.3',
94 silly addNameRange     '3.17.4',
94 silly addNameRange     '4.9.4',
94 silly addNameRange     '3.17.5',
94 silly addNameRange     '4.9.5',
94 silly addNameRange     '3.17.6',
94 silly addNameRange     '3.17.7',
94 silly addNameRange     '4.9.6',
94 silly addNameRange     '4.9.7',
94 silly addNameRange     '3.17.8',
94 silly addNameRange     '4.9.8',
94 silly addNameRange     '3.18.0',
94 silly addNameRange     '3.18.1',
94 silly addNameRange     '4.10.0',
94 silly addNameRange     '3.18.2',
94 silly addNameRange     '4.10.1',
94 silly addNameRange     '5.0.0-alpha.1',
94 silly addNameRange     '3.18.3',
94 silly addNameRange     '4.10.2',
94 silly addNameRange     '3.18.4',
94 silly addNameRange     '4.10.3',
94 silly addNameRange     '4.10.4',
94 silly addNameRange     '4.10.5',
94 silly addNameRange     '3.18.5',
94 silly addNameRange     '3.18.6',
94 silly addNameRange     '4.10.6',
94 silly addNameRange     '4.10.7',
94 silly addNameRange     '3.19.0',
94 silly addNameRange     '4.10.8',
94 silly addNameRange     '4.11.0',
94 silly addNameRange     '3.19.1',
94 silly addNameRange     '4.11.1',
94 silly addNameRange     '3.19.2',
94 silly addNameRange     '4.11.2',
94 silly addNameRange     '3.20.0',
94 silly addNameRange     '4.12.0',
94 silly addNameRange     '3.20.1',
94 silly addNameRange     '4.12.1',
94 silly addNameRange     '4.12.2',
94 silly addNameRange     '3.20.2',
94 silly addNameRange     '4.12.3',
94 silly addNameRange     '3.20.3',
94 silly addNameRange     '4.12.4',
94 silly addNameRange     '3.21.0',
94 silly addNameRange     '4.13.0',
94 silly addNameRange     '3.21.1',
94 silly addNameRange     '4.13.1',
94 silly addNameRange     '5.0.0-alpha.2',
94 silly addNameRange     '3.21.2',
94 silly addNameRange     '4.13.2',
94 silly addNameRange     '4.13.3',
94 silly addNameRange     '4.13.4',
94 silly addNameRange     '4.14.0',
94 silly addNameRange     '4.14.1',
94 silly addNameRange     '5.0.0-alpha.3',
94 silly addNameRange     '4.15.0',
94 silly addNameRange     '5.0.0-alpha.4',
94 silly addNameRange     '4.15.1',
94 silly addNameRange     '4.15.2',
94 silly addNameRange     '5.0.0-alpha.5',
94 silly addNameRange     '4.15.3',
94 silly addNameRange     '4.15.4',
94 silly addNameRange     '4.15.5',
94 silly addNameRange     '5.0.0-alpha.6',
94 silly addNameRange     '4.16.0',
94 silly addNameRange     '4.16.1',
94 silly addNameRange     '4.16.2',
94 silly addNameRange     '4.16.3',
94 silly addNameRange     '4.16.4',
94 silly addNameRange     '5.0.0-alpha.7',
94 silly addNameRange     '4.17.0',
94 silly addNameRange     '4.17.1',
94 silly addNameRange     '5.0.0-alpha.8',
94 silly addNameRange     '4.17.2',
94 silly addNameRange     '5.0.0-beta.1',
94 silly addNameRange     '4.17.3',
94 silly addNameRange     '4.18.0',
94 silly addNameRange     '4.18.1',
94 silly addNameRange     '4.18.2' ] ]
95 silly addNamed express@4.18.2
96 verbose addNamed "4.18.2" is a plain semver version for express
97 silly mapToRegistry name express
98 silly mapToRegistry using default registry
99 silly mapToRegistry registry https://registry.npmjs.org/
100 silly mapToRegistry uri https://registry.npmjs.org/express
101 verbose addRemoteTarball https://registry.npmjs.org/express/-/express-4.18.2.tgz not in flight; adding
102 verbose addRemoteTarball [ 'https://registry.npmjs.org/express/-/express-4.18.2.tgz',
102 verbose addRemoteTarball   '3fabe08296e930c796c19e3c516979386ba9fd59' ]
103 info retry fetch attempt 1 at 5:48:53 PM
104 info attempt registry request try #1 at 5:48:53 PM
105 http fetch GET https://registry.npmjs.org/express/-/express-4.18.2.tgz
106 http fetch 200 https://registry.npmjs.org/express/-/express-4.18.2.tgz
107 silly fetchAndShaCheck shasum 3fabe08296e930c796c19e3c516979386ba9fd59
108 verbose addTmpTarball /tmp/npm-8976-65833062/registry.npmjs.org/express/-/express-4.18.2.tgz not in flight; adding
109 verbose addTmpTarball already have metadata; skipping unpack for express@4.18.2
110 silly cache afterAdd express@4.18.2
111 verbose afterAdd /root/.npm/express/4.18.2/package/package.json not in flight; writing
112 verbose afterAdd /root/.npm/express/4.18.2/package/package.json written
113 http 200 https://registry.npmjs.org/cors
114 verbose headers { date: 'Sat, 17 Dec 2022 08:48:53 GMT',
114 verbose headers   'content-type': 'application/json',
114 verbose headers   'transfer-encoding': 'chunked',
114 verbose headers   connection: 'keep-alive',
114 verbose headers   'cf-ray': '77ae66fc9a41ed95-ICN',
114 verbose headers   'access-control-allow-origin': '*',
114 verbose headers   'cache-control': 'public, max-age=300',
114 verbose headers   etag: 'W/"ef4750368807ea726367f01147320957"',
114 verbose headers   'last-modified': 'Wed, 07 Dec 2022 03:11:26 GMT',
114 verbose headers   vary: 'accept-encoding, accept',
114 verbose headers   'cf-cache-status': 'REVALIDATED',
114 verbose headers   'x-amz-replication-status': 'COMPLETED',
114 verbose headers   server: 'cloudflare',
114 verbose headers   'content-encoding': 'gzip' }
115 silly get cb [ 200,
115 silly get   { date: 'Sat, 17 Dec 2022 08:48:53 GMT',
115 silly get     'content-type': 'application/json',
115 silly get     'transfer-encoding': 'chunked',
115 silly get     connection: 'keep-alive',
115 silly get     'cf-ray': '77ae66fc9a41ed95-ICN',
115 silly get     'access-control-allow-origin': '*',
115 silly get     'cache-control': 'public, max-age=300',
115 silly get     etag: 'W/"ef4750368807ea726367f01147320957"',
115 silly get     'last-modified': 'Wed, 07 Dec 2022 03:11:26 GMT',
115 silly get     vary: 'accept-encoding, accept',
115 silly get     'cf-cache-status': 'REVALIDATED',
115 silly get     'x-amz-replication-status': 'COMPLETED',
115 silly get     server: 'cloudflare',
115 silly get     'content-encoding': 'gzip' } ]
116 verbose get saving cors to /root/.npm/registry.npmjs.org/cors/.cache.json
117 silly resolveWithNewModule cors@2.8.5 checking installable status
118 silly cache add args [ 'cors@^2.8.5', null ]
119 verbose cache add spec cors@^2.8.5
120 silly cache add parsed spec Result {
120 silly cache add   raw: 'cors@^2.8.5',
120 silly cache add   scope: null,
120 silly cache add   name: 'cors',
120 silly cache add   rawSpec: '^2.8.5',
120 silly cache add   spec: '>=2.8.5 <3.0.0',
120 silly cache add   type: 'range' }
121 silly addNamed cors@>=2.8.5 <3.0.0
122 verbose addNamed ">=2.8.5 <3.0.0" is a valid semver range for cors
123 silly addNameRange { name: 'cors', range: '>=2.8.5 <3.0.0', hasData: false }
124 silly mapToRegistry name cors
125 silly mapToRegistry using default registry
126 silly mapToRegistry registry https://registry.npmjs.org/
127 silly mapToRegistry uri https://registry.npmjs.org/cors
128 verbose addNameRange registry:https://registry.npmjs.org/cors not in flight; fetching
129 verbose get https://registry.npmjs.org/cors not expired, no request
130 silly addNameRange number 2 { name: 'cors', range: '>=2.8.5 <3.0.0', hasData: true }
131 silly addNameRange versions [ 'cors',
131 silly addNameRange   [ '0.0.1',
131 silly addNameRange     '0.0.2',
131 silly addNameRange     '0.0.3',
131 silly addNameRange     '0.0.4',
131 silly addNameRange     '0.0.5',
131 silly addNameRange     '0.1.0',
131 silly addNameRange     '0.1.1',
131 silly addNameRange     '1.0.0',
131 silly addNameRange     '1.0.1',
131 silly addNameRange     '2.0.0',
131 silly addNameRange     '2.1.0',
131 silly addNameRange     '2.1.1',
131 silly addNameRange     '2.2.0',
131 silly addNameRange     '2.3.0',
131 silly addNameRange     '2.3.1',
131 silly addNameRange     '2.3.2',
131 silly addNameRange     '2.4.0',
131 silly addNameRange     '2.4.1',
131 silly addNameRange     '2.4.2',
131 silly addNameRange     '2.5.0',
131 silly addNameRange     '2.5.1',
131 silly addNameRange     '2.5.2',
131 silly addNameRange     '2.5.3',
131 silly addNameRange     '2.6.0',
131 silly addNameRange     '2.6.1',
131 silly addNameRange     '2.7.0',
131 silly addNameRange     '2.7.1',
131 silly addNameRange     '2.7.2',
131 silly addNameRange     '2.8.0',
131 silly addNameRange     '2.8.1',
131 silly addNameRange     '2.8.2',
131 silly addNameRange     '2.8.3',
131 silly addNameRange     '2.8.4',
131 silly addNameRange     '2.8.5' ] ]
132 silly addNamed cors@2.8.5
133 verbose addNamed "2.8.5" is a plain semver version for cors
134 silly mapToRegistry name cors
135 silly mapToRegistry using default registry
136 silly mapToRegistry registry https://registry.npmjs.org/
137 silly mapToRegistry uri https://registry.npmjs.org/cors
138 verbose addRemoteTarball https://registry.npmjs.org/cors/-/cors-2.8.5.tgz not in flight; adding
139 verbose addRemoteTarball [ 'https://registry.npmjs.org/cors/-/cors-2.8.5.tgz',
139 verbose addRemoteTarball   'eac11da51592dd86b9f06f6e7ac293b3df875d29' ]
140 info retry fetch attempt 1 at 5:48:53 PM
141 info attempt registry request try #1 at 5:48:53 PM
142 http fetch GET https://registry.npmjs.org/cors/-/cors-2.8.5.tgz
143 http 200 https://registry.npmjs.org/firebase-admin
144 verbose headers { date: 'Sat, 17 Dec 2022 08:48:53 GMT',
144 verbose headers   'content-type': 'application/json',
144 verbose headers   'transfer-encoding': 'chunked',
144 verbose headers   connection: 'keep-alive',
144 verbose headers   'cf-ray': '77ae66fc9a5e9302-ICN',
144 verbose headers   'access-control-allow-origin': '*',
144 verbose headers   'cache-control': 'public, max-age=300',
144 verbose headers   etag: 'W/"8b4f306b26c4a2c87734909ea043193c"',
144 verbose headers   'last-modified': 'Thu, 15 Dec 2022 23:12:56 GMT',
144 verbose headers   vary: 'accept-encoding, accept',
144 verbose headers   'cf-cache-status': 'REVALIDATED',
144 verbose headers   'x-amz-replication-status': 'COMPLETED',
144 verbose headers   server: 'cloudflare',
144 verbose headers   'content-encoding': 'gzip' }
145 silly get cb [ 200,
145 silly get   { date: 'Sat, 17 Dec 2022 08:48:53 GMT',
145 silly get     'content-type': 'application/json',
145 silly get     'transfer-encoding': 'chunked',
145 silly get     connection: 'keep-alive',
145 silly get     'cf-ray': '77ae66fc9a5e9302-ICN',
145 silly get     'access-control-allow-origin': '*',
145 silly get     'cache-control': 'public, max-age=300',
145 silly get     etag: 'W/"8b4f306b26c4a2c87734909ea043193c"',
145 silly get     'last-modified': 'Thu, 15 Dec 2022 23:12:56 GMT',
145 silly get     vary: 'accept-encoding, accept',
145 silly get     'cf-cache-status': 'REVALIDATED',
145 silly get     'x-amz-replication-status': 'COMPLETED',
145 silly get     server: 'cloudflare',
145 silly get     'content-encoding': 'gzip' } ]
146 verbose get saving firebase-admin to /root/.npm/registry.npmjs.org/firebase-admin/.cache.json
147 http 200 https://registry.npmjs.org/socket.io-client
148 verbose headers { date: 'Sat, 17 Dec 2022 08:48:53 GMT',
148 verbose headers   'content-type': 'application/json',
148 verbose headers   'transfer-encoding': 'chunked',
148 verbose headers   connection: 'keep-alive',
148 verbose headers   'cf-ray': '77ae66fc9cdf9313-ICN',
148 verbose headers   'access-control-allow-origin': '*',
148 verbose headers   'cache-control': 'public, max-age=300',
148 verbose headers   etag: 'W/"57d7c49ab30a75e80d4bc551da7d5878"',
148 verbose headers   'last-modified': 'Wed, 07 Dec 2022 03:18:28 GMT',
148 verbose headers   vary: 'accept-encoding, accept',
148 verbose headers   'cf-cache-status': 'REVALIDATED',
148 verbose headers   'x-amz-replication-status': 'COMPLETED',
148 verbose headers   server: 'cloudflare',
148 verbose headers   'content-encoding': 'gzip' }
149 silly get cb [ 200,
149 silly get   { date: 'Sat, 17 Dec 2022 08:48:53 GMT',
149 silly get     'content-type': 'application/json',
149 silly get     'transfer-encoding': 'chunked',
149 silly get     connection: 'keep-alive',
149 silly get     'cf-ray': '77ae66fc9cdf9313-ICN',
149 silly get     'access-control-allow-origin': '*',
149 silly get     'cache-control': 'public, max-age=300',
149 silly get     etag: 'W/"57d7c49ab30a75e80d4bc551da7d5878"',
149 silly get     'last-modified': 'Wed, 07 Dec 2022 03:18:28 GMT',
149 silly get     vary: 'accept-encoding, accept',
149 silly get     'cf-cache-status': 'REVALIDATED',
149 silly get     'x-amz-replication-status': 'COMPLETED',
149 silly get     server: 'cloudflare',
149 silly get     'content-encoding': 'gzip' } ]
150 verbose get saving socket.io-client to /root/.npm/registry.npmjs.org/socket.io-client/.cache.json
151 http fetch 200 https://registry.npmjs.org/cors/-/cors-2.8.5.tgz
152 http 200 https://registry.npmjs.org/socket.io
153 verbose headers { date: 'Sat, 17 Dec 2022 08:48:53 GMT',
153 verbose headers   'content-type': 'application/json',
153 verbose headers   'transfer-encoding': 'chunked',
153 verbose headers   connection: 'keep-alive',
153 verbose headers   'cf-ray': '77ae66fc9e669338-ICN',
153 verbose headers   'access-control-allow-origin': '*',
153 verbose headers   'cache-control': 'public, max-age=300',
153 verbose headers   etag: 'W/"addd45e1d999c61d23d3c056e6ccb0ea"',
153 verbose headers   'last-modified': 'Wed, 07 Dec 2022 03:13:47 GMT',
153 verbose headers   vary: 'accept-encoding, accept',
153 verbose headers   'cf-cache-status': 'REVALIDATED',
153 verbose headers   'x-amz-replication-status': 'COMPLETED',
153 verbose headers   server: 'cloudflare',
153 verbose headers   'content-encoding': 'gzip' }
154 silly get cb [ 200,
154 silly get   { date: 'Sat, 17 Dec 2022 08:48:53 GMT',
154 silly get     'content-type': 'application/json',
154 silly get     'transfer-encoding': 'chunked',
154 silly get     connection: 'keep-alive',
154 silly get     'cf-ray': '77ae66fc9e669338-ICN',
154 silly get     'access-control-allow-origin': '*',
154 silly get     'cache-control': 'public, max-age=300',
154 silly get     etag: 'W/"addd45e1d999c61d23d3c056e6ccb0ea"',
154 silly get     'last-modified': 'Wed, 07 Dec 2022 03:13:47 GMT',
154 silly get     vary: 'accept-encoding, accept',
154 silly get     'cf-cache-status': 'REVALIDATED',
154 silly get     'x-amz-replication-status': 'COMPLETED',
154 silly get     server: 'cloudflare',
154 silly get     'content-encoding': 'gzip' } ]
155 verbose get saving socket.io to /root/.npm/registry.npmjs.org/socket.io/.cache.json
156 silly fetchAndShaCheck shasum eac11da51592dd86b9f06f6e7ac293b3df875d29
157 verbose addTmpTarball /tmp/npm-8976-65833062/registry.npmjs.org/cors/-/cors-2.8.5.tgz not in flight; adding
158 verbose addTmpTarball already have metadata; skipping unpack for cors@2.8.5
159 silly resolveWithNewModule firebase-admin@11.4.0 checking installable status
160 silly cache add args [ 'firebase-admin@^11.0.1', null ]
161 verbose cache add spec firebase-admin@^11.0.1
162 silly cache add parsed spec Result {
162 silly cache add   raw: 'firebase-admin@^11.0.1',
162 silly cache add   scope: null,
162 silly cache add   name: 'firebase-admin',
162 silly cache add   rawSpec: '^11.0.1',
162 silly cache add   spec: '>=11.0.1 <12.0.0',
162 silly cache add   type: 'range' }
163 silly addNamed firebase-admin@>=11.0.1 <12.0.0
164 verbose addNamed ">=11.0.1 <12.0.0" is a valid semver range for firebase-admin
165 silly addNameRange { name: 'firebase-admin',
165 silly addNameRange   range: '>=11.0.1 <12.0.0',
165 silly addNameRange   hasData: false }
166 silly mapToRegistry name firebase-admin
167 silly mapToRegistry using default registry
168 silly mapToRegistry registry https://registry.npmjs.org/
169 silly mapToRegistry uri https://registry.npmjs.org/firebase-admin
170 verbose addNameRange registry:https://registry.npmjs.org/firebase-admin not in flight; fetching
171 verbose stack Error: Missing required argument #1
171 verbose stack     at andLogAndFinish (/usr/share/npm/lib/fetch-package-metadata.js:31:3)
171 verbose stack     at fetchPackageMetadata (/usr/share/npm/lib/fetch-package-metadata.js:51:22)
171 verbose stack     at resolveWithNewModule (/usr/share/npm/lib/install/deps.js:456:12)
171 verbose stack     at /usr/share/npm/lib/install/deps.js:457:7
171 verbose stack     at /usr/share/npm/node_modules/iferr/index.js:13:50
171 verbose stack     at /usr/share/npm/lib/fetch-package-metadata.js:37:12
171 verbose stack     at addRequestedAndFinish (/usr/share/npm/lib/fetch-package-metadata.js:82:5)
171 verbose stack     at returnAndAddMetadata (/usr/share/npm/lib/fetch-package-metadata.js:117:7)
171 verbose stack     at pickVersionFromRegistryDocument (/usr/share/npm/lib/fetch-package-metadata.js:134:20)
171 verbose stack     at /usr/share/npm/node_modules/iferr/index.js:13:50
172 verbose cwd /root/project/MatchCard/server
173 error Linux 4.4.0-59-generic
174 error argv "/usr/bin/nodejs" "/usr/bin/npm" "install"
175 error node v4.2.6
176 error npm  v3.5.2
177 error code EMISSINGARG
178 error typeerror Error: Missing required argument #1
178 error typeerror     at andLogAndFinish (/usr/share/npm/lib/fetch-package-metadata.js:31:3)
178 error typeerror     at fetchPackageMetadata (/usr/share/npm/lib/fetch-package-metadata.js:51:22)
178 error typeerror     at resolveWithNewModule (/usr/share/npm/lib/install/deps.js:456:12)
178 error typeerror     at /usr/share/npm/lib/install/deps.js:457:7
178 error typeerror     at /usr/share/npm/node_modules/iferr/index.js:13:50
178 error typeerror     at /usr/share/npm/lib/fetch-package-metadata.js:37:12
178 error typeerror     at addRequestedAndFinish (/usr/share/npm/lib/fetch-package-metadata.js:82:5)
178 error typeerror     at returnAndAddMetadata (/usr/share/npm/lib/fetch-package-metadata.js:117:7)
178 error typeerror     at pickVersionFromRegistryDocument (/usr/share/npm/lib/fetch-package-metadata.js:134:20)
178 error typeerror     at /usr/share/npm/node_modules/iferr/index.js:13:50
179 error typeerror This is an error with npm itself. Please report this error at:
179 error typeerror     <http://github.com/npm/npm/issues>
180 verbose exit [ 1, true ]
